{
"contracts\\ERC20Modified.sol":{"l":{"55":45,"56":45,"63":1,"71":1,"88":0,"95":3,"102":14,"114":8,"115":8,"116":6,"123":0,"137":0,"138":0,"139":0,"159":0,"160":0,"161":0,"162":0,"178":0,"179":0,"180":0,"198":0,"199":0,"200":0,"201":0,"202":0,"205":0,"223":0,"224":0,"226":0,"228":0,"229":0,"230":0,"231":0,"234":0,"237":0,"239":0,"252":47,"254":47,"256":47,"257":47,"259":47,"261":47,"263":47,"278":1,"280":1,"282":1,"283":1,"284":1,"285":1,"287":1,"290":1,"292":1,"309":0,"310":0,"312":0,"313":0,"325":0,"326":0,"327":0,"328":0,"329":0},"path":"C:\\Users\\sumit gupta\\Intern\\InternTask\\TokenContract\\contracts\\ERC20Modified.sol","s":{"1":1,"2":1,"3":0,"4":3,"5":14,"6":8,"7":8,"8":6,"9":0,"10":0,"11":0,"12":0,"13":0,"14":0,"15":0,"16":0,"17":0,"18":0,"19":0,"20":0,"21":0,"22":0,"23":0,"24":0,"25":0,"26":0,"27":0,"28":0,"29":0,"30":0,"31":0,"32":47,"33":47,"34":47,"35":47,"36":1,"37":1,"38":1,"39":1,"40":1,"41":1,"42":0,"43":0,"44":0,"45":0,"46":0,"47":0,"48":0},"b":{"1":[0,0],"2":[0,0],"3":[0,0],"4":[0,0],"5":[47,0],"6":[1,0],"7":[1,0],"8":[0,0],"9":[0,0],"10":[0,0],"11":[0,0]},"f":{"1":45,"2":1,"3":1,"4":0,"5":3,"6":14,"7":8,"8":0,"9":0,"10":0,"11":0,"12":0,"13":0,"14":47,"15":1,"16":0,"17":0,"18":0,"19":54},"fnMap":{"1":{"name":"constructor","line":54,"loc":{"start":{"line":54,"column":4},"end":{"line":57,"column":4}}},"2":{"name":"name","line":62,"loc":{"start":{"line":62,"column":4},"end":{"line":64,"column":4}}},"3":{"name":"symbol","line":70,"loc":{"start":{"line":70,"column":4},"end":{"line":72,"column":4}}},"4":{"name":"decimals","line":87,"loc":{"start":{"line":87,"column":4},"end":{"line":89,"column":4}}},"5":{"name":"totalSupply","line":94,"loc":{"start":{"line":94,"column":4},"end":{"line":96,"column":4}}},"6":{"name":"balanceOf","line":101,"loc":{"start":{"line":101,"column":4},"end":{"line":103,"column":4}}},"7":{"name":"transfer","line":113,"loc":{"start":{"line":113,"column":4},"end":{"line":117,"column":4}}},"8":{"name":"allowance","line":122,"loc":{"start":{"line":122,"column":4},"end":{"line":124,"column":4}}},"9":{"name":"approve","line":136,"loc":{"start":{"line":136,"column":4},"end":{"line":140,"column":4}}},"10":{"name":"transferFrom","line":158,"loc":{"start":{"line":158,"column":4},"end":{"line":163,"column":4}}},"11":{"name":"increaseAllowance","line":177,"loc":{"start":{"line":177,"column":4},"end":{"line":181,"column":4}}},"12":{"name":"decreaseAllowance","line":197,"loc":{"start":{"line":197,"column":4},"end":{"line":206,"column":4}}},"13":{"name":"_transfer","line":222,"loc":{"start":{"line":222,"column":4},"end":{"line":240,"column":4}}},"14":{"name":"_mint","line":251,"loc":{"start":{"line":251,"column":4},"end":{"line":264,"column":4}}},"15":{"name":"_burn","line":277,"loc":{"start":{"line":277,"column":4},"end":{"line":293,"column":4}}},"16":{"name":"_approve","line":308,"loc":{"start":{"line":308,"column":4},"end":{"line":314,"column":4}}},"17":{"name":"_spendAllowance","line":324,"loc":{"start":{"line":324,"column":4},"end":{"line":332,"column":4}}},"18":{"name":"_beforeTokenTransfer","line":348,"loc":{"start":{"line":348,"column":4},"end":{"line":348,"column":94}}},"19":{"name":"_afterTokenTransfer","line":364,"loc":{"start":{"line":364,"column":4},"end":{"line":364,"column":93}}}},"statementMap":{"1":{"start":{"line":63,"column":8},"end":{"line":63,"column":20}},"2":{"start":{"line":71,"column":8},"end":{"line":71,"column":22}},"3":{"start":{"line":88,"column":8},"end":{"line":88,"column":17}},"4":{"start":{"line":95,"column":8},"end":{"line":95,"column":27}},"5":{"start":{"line":102,"column":8},"end":{"line":102,"column":33}},"6":{"start":{"line":114,"column":8},"end":{"line":114,"column":36}},"7":{"start":{"line":115,"column":8},"end":{"line":115,"column":35}},"8":{"start":{"line":116,"column":8},"end":{"line":116,"column":19}},"9":{"start":{"line":123,"column":8},"end":{"line":123,"column":42}},"10":{"start":{"line":137,"column":8},"end":{"line":137,"column":36}},"11":{"start":{"line":138,"column":8},"end":{"line":138,"column":39}},"12":{"start":{"line":139,"column":8},"end":{"line":139,"column":19}},"13":{"start":{"line":159,"column":8},"end":{"line":159,"column":38}},"14":{"start":{"line":160,"column":8},"end":{"line":160,"column":45}},"15":{"start":{"line":161,"column":8},"end":{"line":161,"column":34}},"16":{"start":{"line":162,"column":8},"end":{"line":162,"column":19}},"17":{"start":{"line":178,"column":8},"end":{"line":178,"column":36}},"18":{"start":{"line":179,"column":8},"end":{"line":179,"column":71}},"19":{"start":{"line":180,"column":8},"end":{"line":180,"column":19}},"20":{"start":{"line":198,"column":8},"end":{"line":198,"column":36}},"21":{"start":{"line":199,"column":8},"end":{"line":199,"column":60}},"22":{"start":{"line":200,"column":8},"end":{"line":200,"column":92}},"23":{"start":{"line":202,"column":12},"end":{"line":202,"column":71}},"24":{"start":{"line":205,"column":8},"end":{"line":205,"column":19}},"25":{"start":{"line":223,"column":8},"end":{"line":223,"column":75}},"26":{"start":{"line":224,"column":8},"end":{"line":224,"column":71}},"27":{"start":{"line":226,"column":8},"end":{"line":226,"column":45}},"28":{"start":{"line":228,"column":8},"end":{"line":228,"column":45}},"29":{"start":{"line":229,"column":8},"end":{"line":229,"column":79}},"30":{"start":{"line":237,"column":8},"end":{"line":237,"column":39}},"31":{"start":{"line":239,"column":8},"end":{"line":239,"column":44}},"32":{"start":{"line":252,"column":8},"end":{"line":252,"column":72}},"33":{"start":{"line":254,"column":8},"end":{"line":254,"column":56}},"34":{"start":{"line":261,"column":8},"end":{"line":261,"column":50}},"35":{"start":{"line":263,"column":8},"end":{"line":263,"column":55}},"36":{"start":{"line":278,"column":8},"end":{"line":278,"column":74}},"37":{"start":{"line":280,"column":8},"end":{"line":280,"column":56}},"38":{"start":{"line":282,"column":8},"end":{"line":282,"column":51}},"39":{"start":{"line":283,"column":8},"end":{"line":283,"column":78}},"40":{"start":{"line":290,"column":8},"end":{"line":290,"column":50}},"41":{"start":{"line":292,"column":8},"end":{"line":292,"column":55}},"42":{"start":{"line":309,"column":8},"end":{"line":309,"column":75}},"43":{"start":{"line":310,"column":8},"end":{"line":310,"column":75}},"44":{"start":{"line":313,"column":8},"end":{"line":313,"column":45}},"45":{"start":{"line":325,"column":8},"end":{"line":325,"column":60}},"46":{"start":{"line":326,"column":8},"end":{"line":326,"column":11571}},"47":{"start":{"line":327,"column":12},"end":{"line":327,"column":79}},"48":{"start":{"line":329,"column":16},"end":{"line":329,"column":66}}},"branchMap":{"1":{"line":200,"type":"if","locations":[{"start":{"line":200,"column":8},"end":{"line":200,"column":8}},{"start":{"line":200,"column":8},"end":{"line":200,"column":8}}]},"2":{"line":223,"type":"if","locations":[{"start":{"line":223,"column":8},"end":{"line":223,"column":8}},{"start":{"line":223,"column":8},"end":{"line":223,"column":8}}]},"3":{"line":224,"type":"if","locations":[{"start":{"line":224,"column":8},"end":{"line":224,"column":8}},{"start":{"line":224,"column":8},"end":{"line":224,"column":8}}]},"4":{"line":229,"type":"if","locations":[{"start":{"line":229,"column":8},"end":{"line":229,"column":8}},{"start":{"line":229,"column":8},"end":{"line":229,"column":8}}]},"5":{"line":252,"type":"if","locations":[{"start":{"line":252,"column":8},"end":{"line":252,"column":8}},{"start":{"line":252,"column":8},"end":{"line":252,"column":8}}]},"6":{"line":278,"type":"if","locations":[{"start":{"line":278,"column":8},"end":{"line":278,"column":8}},{"start":{"line":278,"column":8},"end":{"line":278,"column":8}}]},"7":{"line":283,"type":"if","locations":[{"start":{"line":283,"column":8},"end":{"line":283,"column":8}},{"start":{"line":283,"column":8},"end":{"line":283,"column":8}}]},"8":{"line":309,"type":"if","locations":[{"start":{"line":309,"column":8},"end":{"line":309,"column":8}},{"start":{"line":309,"column":8},"end":{"line":309,"column":8}}]},"9":{"line":310,"type":"if","locations":[{"start":{"line":310,"column":8},"end":{"line":310,"column":8}},{"start":{"line":310,"column":8},"end":{"line":310,"column":8}}]},"10":{"line":326,"type":"if","locations":[{"start":{"line":326,"column":8},"end":{"line":326,"column":8}},{"start":{"line":326,"column":8},"end":{"line":326,"column":8}}]},"11":{"line":327,"type":"if","locations":[{"start":{"line":327,"column":12},"end":{"line":327,"column":12}},{"start":{"line":327,"column":12},"end":{"line":327,"column":12}}]}}},
"contracts\\Token.sol":{"l":{"26":8,"27":8,"37":45,"38":45,"39":45,"40":45,"41":45,"42":45,"43":45,"47":2,"51":3,"52":3,"56":2,"57":2,"61":4,"70":1,"71":1,"72":1,"73":1,"77":3,"85":8,"86":8,"88":8,"90":1,"92":1,"94":1,"97":7,"100":5,"102":5,"104":2,"105":2,"108":5,"109":0,"112":5,"114":5,"117":6,"122":5,"123":5,"124":0,"126":5,"135":6,"136":6,"137":6,"138":6,"141":6,"147":10,"151":3,"155":1,"159":4,"163":6,"167":1,"168":1,"176":56,"177":54,"178":0,"179":0,"180":0,"185":1,"190":1,"194":1,"195":1,"196":1,"197":1,"199":1,"200":1},"path":"C:\\Users\\sumit gupta\\Intern\\InternTask\\TokenContract\\contracts\\Token.sol","s":{"1":8,"2":45,"3":3,"4":2,"5":8,"6":8,"7":8,"8":1,"9":1,"10":1,"11":7,"12":5,"13":5,"14":5,"15":5,"16":5,"17":6,"18":5,"19":5,"20":5,"21":6,"22":6,"23":10,"24":4,"25":6,"26":56,"27":54,"28":0,"29":0,"30":0,"31":1,"32":1,"33":1,"34":1,"35":1,"36":1,"37":1,"38":1},"b":{"1":[8,0],"2":[2,0],"3":[3,0],"4":[3,0],"5":[2,0],"6":[2,0],"7":[4,0],"8":[1,0],"9":[3,0],"10":[8,0],"11":[8,0],"12":[8,0],"13":[1,7],"14":[2,3],"15":[0,5],"16":[0,5],"17":[6,0],"18":[0,10],"19":[3,0],"20":[1,0],"21":[54,2],"22":[0,54],"23":[0,0],"24":[1,0],"25":[1,0],"26":[1,0]},"f":{"1":8,"2":45,"3":2,"4":3,"5":2,"6":4,"7":1,"8":3,"9":8,"10":5,"11":6,"12":10,"13":3,"14":1,"15":4,"16":6,"17":1,"18":56,"19":1,"20":1,"21":1},"fnMap":{"1":{"name":"tradingEnabled","line":25,"loc":{"start":{"line":25,"column":4},"end":{"line":28,"column":4}}},"2":{"name":"constructor","line":36,"loc":{"start":{"line":30,"column":4},"end":{"line":44,"column":4}}},"3":{"name":"setTradingStatus","line":46,"loc":{"start":{"line":46,"column":4},"end":{"line":48,"column":4}}},"4":{"name":"setTaxRate","line":50,"loc":{"start":{"line":50,"column":4},"end":{"line":53,"column":4}}},"5":{"name":"setClaimPercentage","line":55,"loc":{"start":{"line":55,"column":4},"end":{"line":58,"column":4}}},"6":{"name":"initializeAirdrop","line":60,"loc":{"start":{"line":60,"column":4},"end":{"line":62,"column":4}}},"7":{"name":"setRule","line":69,"loc":{"start":{"line":64,"column":4},"end":{"line":74,"column":4}}},"8":{"name":"disableTaxes","line":76,"loc":{"start":{"line":76,"column":4},"end":{"line":78,"column":4}}},"9":{"name":"_transfer","line":84,"loc":{"start":{"line":80,"column":4},"end":{"line":118,"column":4}}},"10":{"name":"_calculateTax","line":121,"loc":{"start":{"line":121,"column":4},"end":{"line":127,"column":4}}},"11":{"name":"_tokenTransfer","line":129,"loc":{"start":{"line":129,"column":4},"end":{"line":143,"column":4}}},"12":{"name":"_isBuyTransfer","line":146,"loc":{"start":{"line":146,"column":4},"end":{"line":148,"column":4}}},"13":{"name":"blacklist","line":150,"loc":{"start":{"line":150,"column":4},"end":{"line":152,"column":4}}},"14":{"name":"removeBlacklist","line":154,"loc":{"start":{"line":154,"column":4},"end":{"line":156,"column":4}}},"15":{"name":"isBlacklisted","line":158,"loc":{"start":{"line":158,"column":4},"end":{"line":160,"column":4}}},"16":{"name":"isWhitelisted","line":162,"loc":{"start":{"line":162,"column":4},"end":{"line":164,"column":4}}},"17":{"name":"_removeWhitelist","line":166,"loc":{"start":{"line":166,"column":4},"end":{"line":169,"column":4}}},"18":{"name":"_beforeTokenTransfer","line":171,"loc":{"start":{"line":171,"column":4},"end":{"line":182,"column":4}}},"19":{"name":"burn","line":184,"loc":{"start":{"line":184,"column":4},"end":{"line":186,"column":4}}},"20":{"name":"mint","line":189,"loc":{"start":{"line":189,"column":4},"end":{"line":191,"column":4}}},"21":{"name":"claimTokens","line":193,"loc":{"start":{"line":193,"column":4},"end":{"line":201,"column":4}}}},"statementMap":{"1":{"start":{"line":26,"column":8},"end":{"line":26,"column":66}},"2":{"start":{"line":37,"column":8},"end":{"line":37,"column":38}},"3":{"start":{"line":51,"column":8},"end":{"line":51,"column":85}},"4":{"start":{"line":56,"column":8},"end":{"line":56,"column":96}},"5":{"start":{"line":85,"column":8},"end":{"line":85,"column":78}},"6":{"start":{"line":86,"column":8},"end":{"line":86,"column":79}},"7":{"start":{"line":88,"column":8},"end":{"line":88,"column":3213}},"8":{"start":{"line":90,"column":12},"end":{"line":90,"column":61}},"9":{"start":{"line":92,"column":12},"end":{"line":92,"column":58}},"10":{"start":{"line":94,"column":12},"end":{"line":94,"column":60}},"11":{"start":{"line":97,"column":12},"end":{"line":97,"column":61}},"12":{"start":{"line":100,"column":12},"end":{"line":100,"column":54}},"13":{"start":{"line":102,"column":12},"end":{"line":102,"column":3685}},"14":{"start":{"line":108,"column":12},"end":{"line":108,"column":4001}},"15":{"start":{"line":112,"column":12},"end":{"line":112,"column":66}},"16":{"start":{"line":114,"column":12},"end":{"line":114,"column":60}},"17":{"start":{"line":117,"column":8},"end":{"line":117,"column":51}},"18":{"start":{"line":122,"column":8},"end":{"line":122,"column":55}},"19":{"start":{"line":123,"column":8},"end":{"line":123,"column":4573}},"20":{"start":{"line":126,"column":8},"end":{"line":126,"column":24}},"21":{"start":{"line":135,"column":8},"end":{"line":135,"column":50}},"22":{"start":{"line":136,"column":8},"end":{"line":136,"column":82}},"23":{"start":{"line":147,"column":8},"end":{"line":147,"column":57}},"24":{"start":{"line":159,"column":8},"end":{"line":159,"column":38}},"25":{"start":{"line":163,"column":8},"end":{"line":163,"column":38}},"26":{"start":{"line":176,"column":8},"end":{"line":176,"column":75}},"27":{"start":{"line":177,"column":8},"end":{"line":177,"column":6409}},"28":{"start":{"line":178,"column":12},"end":{"line":178,"column":59}},"29":{"start":{"line":179,"column":12},"end":{"line":179,"column":59}},"30":{"start":{"line":180,"column":12},"end":{"line":180,"column":92}},"31":{"start":{"line":185,"column":8},"end":{"line":185,"column":32}},"32":{"start":{"line":190,"column":8},"end":{"line":190,"column":33}},"33":{"start":{"line":194,"column":8},"end":{"line":194,"column":71}},"34":{"start":{"line":195,"column":8},"end":{"line":195,"column":45}},"35":{"start":{"line":196,"column":8},"end":{"line":196,"column":67}},"36":{"start":{"line":197,"column":8},"end":{"line":197,"column":55}},"37":{"start":{"line":199,"column":8},"end":{"line":199,"column":35}},"38":{"start":{"line":200,"column":8},"end":{"line":200,"column":39}}},"branchMap":{"1":{"line":26,"type":"if","locations":[{"start":{"line":26,"column":8},"end":{"line":26,"column":8}},{"start":{"line":26,"column":8},"end":{"line":26,"column":8}}]},"2":{"line":46,"type":"if","locations":[{"start":{"line":46,"column":53},"end":{"line":46,"column":53}},{"start":{"line":46,"column":53},"end":{"line":46,"column":53}}]},"3":{"line":50,"type":"if","locations":[{"start":{"line":50,"column":53},"end":{"line":50,"column":53}},{"start":{"line":50,"column":53},"end":{"line":50,"column":53}}]},"4":{"line":51,"type":"if","locations":[{"start":{"line":51,"column":8},"end":{"line":51,"column":8}},{"start":{"line":51,"column":8},"end":{"line":51,"column":8}}]},"5":{"line":55,"type":"if","locations":[{"start":{"line":55,"column":66},"end":{"line":55,"column":66}},{"start":{"line":55,"column":66},"end":{"line":55,"column":66}}]},"6":{"line":56,"type":"if","locations":[{"start":{"line":56,"column":8},"end":{"line":56,"column":8}},{"start":{"line":56,"column":8},"end":{"line":56,"column":8}}]},"7":{"line":60,"type":"if","locations":[{"start":{"line":60,"column":42},"end":{"line":60,"column":42}},{"start":{"line":60,"column":42},"end":{"line":60,"column":42}}]},"8":{"line":69,"type":"if","locations":[{"start":{"line":69,"column":15},"end":{"line":69,"column":15}},{"start":{"line":69,"column":15},"end":{"line":69,"column":15}}]},"9":{"line":76,"type":"if","locations":[{"start":{"line":76,"column":56},"end":{"line":76,"column":56}},{"start":{"line":76,"column":56},"end":{"line":76,"column":56}}]},"10":{"line":84,"type":"if","locations":[{"start":{"line":84,"column":32},"end":{"line":84,"column":32}},{"start":{"line":84,"column":32},"end":{"line":84,"column":32}}]},"11":{"line":85,"type":"if","locations":[{"start":{"line":85,"column":8},"end":{"line":85,"column":8}},{"start":{"line":85,"column":8},"end":{"line":85,"column":8}}]},"12":{"line":86,"type":"if","locations":[{"start":{"line":86,"column":8},"end":{"line":86,"column":8}},{"start":{"line":86,"column":8},"end":{"line":86,"column":8}}]},"13":{"line":88,"type":"if","locations":[{"start":{"line":88,"column":8},"end":{"line":88,"column":8}},{"start":{"line":88,"column":8},"end":{"line":88,"column":8}}]},"14":{"line":102,"type":"if","locations":[{"start":{"line":102,"column":12},"end":{"line":102,"column":12}},{"start":{"line":102,"column":12},"end":{"line":102,"column":12}}]},"15":{"line":108,"type":"if","locations":[{"start":{"line":108,"column":12},"end":{"line":108,"column":12}},{"start":{"line":108,"column":12},"end":{"line":108,"column":12}}]},"16":{"line":123,"type":"if","locations":[{"start":{"line":123,"column":8},"end":{"line":123,"column":8}},{"start":{"line":123,"column":8},"end":{"line":123,"column":8}}]},"17":{"line":136,"type":"if","locations":[{"start":{"line":136,"column":8},"end":{"line":136,"column":8}},{"start":{"line":136,"column":8},"end":{"line":136,"column":8}}]},"18":{"line":147,"type":"if","locations":[{"start":{"line":147,"column":45},"end":{"line":147,"column":49}},{"start":{"line":147,"column":53},"end":{"line":147,"column":56}}]},"19":{"line":150,"type":"if","locations":[{"start":{"line":150,"column":72},"end":{"line":150,"column":72}},{"start":{"line":150,"column":72},"end":{"line":150,"column":72}}]},"20":{"line":154,"type":"if","locations":[{"start":{"line":154,"column":56},"end":{"line":154,"column":56}},{"start":{"line":154,"column":56},"end":{"line":154,"column":56}}]},"21":{"line":176,"type":"if","locations":[{"start":{"line":176,"column":8},"end":{"line":176,"column":8}},{"start":{"line":176,"column":8},"end":{"line":176,"column":8}}]},"22":{"line":177,"type":"if","locations":[{"start":{"line":177,"column":8},"end":{"line":177,"column":8}},{"start":{"line":177,"column":8},"end":{"line":177,"column":8}}]},"23":{"line":180,"type":"if","locations":[{"start":{"line":180,"column":12},"end":{"line":180,"column":12}},{"start":{"line":180,"column":12},"end":{"line":180,"column":12}}]},"24":{"line":189,"type":"if","locations":[{"start":{"line":189,"column":44},"end":{"line":189,"column":44}},{"start":{"line":189,"column":44},"end":{"line":189,"column":44}}]},"25":{"line":194,"type":"if","locations":[{"start":{"line":194,"column":8},"end":{"line":194,"column":8}},{"start":{"line":194,"column":8},"end":{"line":194,"column":8}}]},"26":{"line":197,"type":"if","locations":[{"start":{"line":197,"column":8},"end":{"line":197,"column":8}},{"start":{"line":197,"column":8},"end":{"line":197,"column":8}}]}}}}
