TN:
SF:C:\Users\sumit gupta\Intern\InternTask\TokenContract\contracts\ERC20Modified.sol
FN:54,constructor
FN:62,name
FN:70,symbol
FN:87,decimals
FN:94,totalSupply
FN:101,balanceOf
FN:113,transfer
FN:122,allowance
FN:136,approve
FN:158,transferFrom
FN:177,increaseAllowance
FN:197,decreaseAllowance
FN:222,_transfer
FN:251,_mint
FN:277,_burn
FN:308,_approve
FN:324,_spendAllowance
FN:348,_beforeTokenTransfer
FN:364,_afterTokenTransfer
FNF:19
FNH:9
FNDA:45,constructor
FNDA:1,name
FNDA:1,symbol
FNDA:0,decimals
FNDA:3,totalSupply
FNDA:14,balanceOf
FNDA:8,transfer
FNDA:0,allowance
FNDA:0,approve
FNDA:0,transferFrom
FNDA:0,increaseAllowance
FNDA:0,decreaseAllowance
FNDA:0,_transfer
FNDA:47,_mint
FNDA:1,_burn
FNDA:0,_approve
FNDA:0,_spendAllowance
FNDA:0,_beforeTokenTransfer
FNDA:54,_afterTokenTransfer
DA:55,45
DA:56,45
DA:63,1
DA:71,1
DA:88,0
DA:95,3
DA:102,14
DA:114,8
DA:115,8
DA:116,6
DA:123,0
DA:137,0
DA:138,0
DA:139,0
DA:159,0
DA:160,0
DA:161,0
DA:162,0
DA:178,0
DA:179,0
DA:180,0
DA:198,0
DA:199,0
DA:200,0
DA:201,0
DA:202,0
DA:205,0
DA:223,0
DA:224,0
DA:226,0
DA:228,0
DA:229,0
DA:230,0
DA:231,0
DA:234,0
DA:237,0
DA:239,0
DA:252,47
DA:254,47
DA:256,47
DA:257,47
DA:259,47
DA:261,47
DA:263,47
DA:278,1
DA:280,1
DA:282,1
DA:283,1
DA:284,1
DA:285,1
DA:287,1
DA:290,1
DA:292,1
DA:309,0
DA:310,0
DA:312,0
DA:313,0
DA:325,0
DA:326,0
DA:327,0
DA:328,0
DA:329,0
LF:62
LH:25
BRDA:200,1,0,0
BRDA:200,1,1,0
BRDA:223,2,0,0
BRDA:223,2,1,0
BRDA:224,3,0,0
BRDA:224,3,1,0
BRDA:229,4,0,0
BRDA:229,4,1,0
BRDA:252,5,0,47
BRDA:252,5,1,0
BRDA:278,6,0,1
BRDA:278,6,1,0
BRDA:283,7,0,1
BRDA:283,7,1,0
BRDA:309,8,0,0
BRDA:309,8,1,0
BRDA:310,9,0,0
BRDA:310,9,1,0
BRDA:326,10,0,0
BRDA:326,10,1,0
BRDA:327,11,0,0
BRDA:327,11,1,0
BRF:22
BRH:3
end_of_record
TN:
SF:C:\Users\sumit gupta\Intern\InternTask\TokenContract\contracts\Token.sol
FN:25,tradingEnabled
FN:36,constructor
FN:46,setTradingStatus
FN:50,setTaxRate
FN:55,setClaimPercentage
FN:60,initializeAirdrop
FN:69,setRule
FN:76,disableTaxes
FN:84,_transfer
FN:121,_calculateTax
FN:129,_tokenTransfer
FN:146,_isBuyTransfer
FN:150,blacklist
FN:154,removeBlacklist
FN:158,isBlacklisted
FN:162,isWhitelisted
FN:166,_removeWhitelist
FN:171,_beforeTokenTransfer
FN:184,burn
FN:189,mint
FN:193,claimTokens
FNF:21
FNH:21
FNDA:8,tradingEnabled
FNDA:45,constructor
FNDA:2,setTradingStatus
FNDA:3,setTaxRate
FNDA:2,setClaimPercentage
FNDA:4,initializeAirdrop
FNDA:1,setRule
FNDA:3,disableTaxes
FNDA:8,_transfer
FNDA:5,_calculateTax
FNDA:6,_tokenTransfer
FNDA:10,_isBuyTransfer
FNDA:3,blacklist
FNDA:1,removeBlacklist
FNDA:4,isBlacklisted
FNDA:6,isWhitelisted
FNDA:1,_removeWhitelist
FNDA:56,_beforeTokenTransfer
FNDA:1,burn
FNDA:1,mint
FNDA:1,claimTokens
DA:26,8
DA:27,8
DA:37,45
DA:38,45
DA:39,45
DA:40,45
DA:41,45
DA:42,45
DA:43,45
DA:47,2
DA:51,3
DA:52,3
DA:56,2
DA:57,2
DA:61,4
DA:70,1
DA:71,1
DA:72,1
DA:73,1
DA:77,3
DA:85,8
DA:86,8
DA:88,8
DA:90,1
DA:92,1
DA:94,1
DA:97,7
DA:100,5
DA:102,5
DA:104,2
DA:105,2
DA:108,5
DA:109,0
DA:112,5
DA:114,5
DA:117,6
DA:122,5
DA:123,5
DA:124,0
DA:126,5
DA:135,6
DA:136,6
DA:137,6
DA:138,6
DA:141,6
DA:147,10
DA:151,3
DA:155,1
DA:159,4
DA:163,6
DA:167,1
DA:168,1
DA:176,56
DA:177,54
DA:178,0
DA:179,0
DA:180,0
DA:185,1
DA:190,1
DA:194,1
DA:195,1
DA:196,1
DA:197,1
DA:199,1
DA:200,1
LF:65
LH:60
BRDA:26,1,0,8
BRDA:26,1,1,0
BRDA:46,2,0,2
BRDA:46,2,1,0
BRDA:50,3,0,3
BRDA:50,3,1,0
BRDA:51,4,0,3
BRDA:51,4,1,0
BRDA:55,5,0,2
BRDA:55,5,1,0
BRDA:56,6,0,2
BRDA:56,6,1,0
BRDA:60,7,0,4
BRDA:60,7,1,0
BRDA:69,8,0,1
BRDA:69,8,1,0
BRDA:76,9,0,3
BRDA:76,9,1,0
BRDA:84,10,0,8
BRDA:84,10,1,0
BRDA:85,11,0,8
BRDA:85,11,1,0
BRDA:86,12,0,8
BRDA:86,12,1,0
BRDA:88,13,0,1
BRDA:88,13,1,7
BRDA:102,14,0,2
BRDA:102,14,1,3
BRDA:108,15,0,0
BRDA:108,15,1,5
BRDA:123,16,0,0
BRDA:123,16,1,5
BRDA:136,17,0,6
BRDA:136,17,1,0
BRDA:147,18,0,0
BRDA:147,18,1,10
BRDA:150,19,0,3
BRDA:150,19,1,0
BRDA:154,20,0,1
BRDA:154,20,1,0
BRDA:176,21,0,54
BRDA:176,21,1,2
BRDA:177,22,0,0
BRDA:177,22,1,54
BRDA:180,23,0,0
BRDA:180,23,1,0
BRDA:189,24,0,1
BRDA:189,24,1,0
BRDA:194,25,0,1
BRDA:194,25,1,0
BRDA:197,26,0,1
BRDA:197,26,1,0
BRF:52
BRH:28
end_of_record
